mode: set
Wave/internal/database/database.go:28.47,64.2 7 1
Wave/internal/database/database.go:66.107,72.16 4 0
Wave/internal/database/database.go:83.2,85.16 2 0
Wave/internal/database/database.go:96.2,96.16 1 0
Wave/internal/database/database.go:72.16,81.3 1 0
Wave/internal/database/database.go:85.16,94.3 1 0
Wave/internal/database/database.go:99.40,100.21 1 1
Wave/internal/database/database.go:104.2,104.13 1 1
Wave/internal/database/database.go:100.21,102.3 1 1
Wave/internal/database/database.go:107.43,108.21 1 1
Wave/internal/database/database.go:112.2,112.13 1 1
Wave/internal/database/database.go:108.21,110.3 1 1
Wave/internal/database/database.go:115.98,116.120 1 0
Wave/internal/database/database.go:181.2,181.16 1 0
Wave/internal/database/database.go:116.120,127.17 4 0
Wave/internal/database/database.go:138.3,138.57 1 0
Wave/internal/database/database.go:127.17,136.4 1 0
Wave/internal/database/database.go:138.57,155.4 3 0
Wave/internal/database/database.go:155.9,163.4 1 0
Wave/internal/database/database.go:164.8,164.27 1 0
Wave/internal/database/database.go:164.27,173.3 1 0
Wave/internal/database/database.go:184.98,194.16 3 1
Wave/internal/database/database.go:211.2,211.21 1 1
Wave/internal/database/database.go:194.16,203.3 1 0
Wave/internal/database/database.go:214.86,224.16 2 0
Wave/internal/database/database.go:241.2,241.12 1 0
Wave/internal/database/database.go:224.16,233.3 1 0
Wave/internal/database/database.go:244.98,245.108 1 0
Wave/internal/database/database.go:288.2,288.35 1 0
Wave/internal/database/database.go:245.108,253.17 3 0
Wave/internal/database/database.go:270.3,270.22 1 0
Wave/internal/database/database.go:253.17,262.4 1 0
Wave/internal/database/database.go:271.8,271.27 1 0
Wave/internal/database/database.go:271.27,280.3 1 0
Wave/internal/database/database.go:291.89,292.28 1 0
Wave/internal/database/database.go:339.2,339.28 1 0
Wave/internal/database/database.go:368.2,368.26 1 0
Wave/internal/database/database.go:387.2,387.12 1 0
Wave/internal/database/database.go:292.28,294.21 2 0
Wave/internal/database/database.go:303.3,303.17 1 0
Wave/internal/database/database.go:330.3,330.16 1 0
Wave/internal/database/database.go:294.21,302.4 1 0
Wave/internal/database/database.go:303.17,304.39 1 0
Wave/internal/database/database.go:304.39,321.5 1 0
Wave/internal/database/database.go:321.11,328.5 0 0
Wave/internal/database/database.go:330.17,336.4 0 0
Wave/internal/database/database.go:339.28,340.41 1 0
Wave/internal/database/database.go:340.41,358.4 2 0
Wave/internal/database/database.go:358.10,365.4 0 0
Wave/internal/database/database.go:368.26,385.3 1 0
Wave/internal/database/database.go:390.56,404.2 2 0
Wave/internal/database/database.go:406.83,407.85 1 1
Wave/internal/database/database.go:411.2,421.16 6 1
Wave/internal/database/database.go:425.2,449.20 7 1
Wave/internal/database/database.go:407.85,409.3 1 1
Wave/internal/database/database.go:421.16,423.3 1 1
Wave/internal/database/database.go:452.65,462.41 2 0
Wave/internal/database/database.go:465.2,465.22 1 0
Wave/internal/database/database.go:462.41,464.3 1 0
Wave/internal/database/database.go:470.66,477.18 3 0
Wave/internal/database/database.go:499.2,499.13 1 0
Wave/internal/database/database.go:477.18,479.191 2 0
Wave/internal/database/database.go:490.3,490.54 1 0
Wave/internal/database/database.go:479.191,488.4 1 0
Wave/internal/database/database.go:502.76,508.18 4 0
Wave/internal/database/database.go:529.2,529.19 1 0
Wave/internal/database/database.go:508.18,509.42 1 0
Wave/internal/database/database.go:520.3,520.62 1 0
Wave/internal/database/database.go:509.42,518.4 1 0
Wave/internal/database/database.go:532.73,540.18 3 0
Wave/internal/database/database.go:562.2,562.13 1 0
Wave/internal/database/database.go:540.18,542.191 2 0
Wave/internal/database/database.go:553.3,553.54 1 0
Wave/internal/database/database.go:542.191,551.4 1 0
Wave/internal/database/database.go:565.74,566.91 1 0
Wave/internal/database/database.go:608.2,608.29 1 0
Wave/internal/database/database.go:566.91,573.17 3 0
Wave/internal/database/database.go:590.3,590.13 1 0
Wave/internal/database/database.go:573.17,582.4 1 0
Wave/internal/database/database.go:591.8,591.27 1 0
Wave/internal/database/database.go:591.27,600.3 1 0
Wave/internal/database/database.go:611.110,612.91 1 0
Wave/internal/database/database.go:690.2,690.42 1 0
Wave/internal/database/database.go:612.91,619.17 3 0
Wave/internal/database/database.go:630.3,642.17 4 0
Wave/internal/database/database.go:653.3,655.17 2 0
Wave/internal/database/database.go:672.3,672.13 1 0
Wave/internal/database/database.go:619.17,628.4 1 0
Wave/internal/database/database.go:642.17,651.4 1 0
Wave/internal/database/database.go:655.17,664.4 1 0
Wave/internal/database/database.go:673.8,673.27 1 0
Wave/internal/database/database.go:673.27,682.3 1 0
Wave/internal/database/database.go:693.86,707.18 3 0
Wave/internal/database/database.go:729.2,729.18 1 0
Wave/internal/database/database.go:707.18,709.191 2 0
Wave/internal/database/database.go:720.3,720.64 1 0
Wave/internal/database/database.go:709.191,718.4 1 0
Wave/internal/database/database.go:732.67,761.2 3 1
Wave/internal/database/database.go:763.92,772.18 3 0
Wave/internal/database/database.go:794.2,794.13 1 0
Wave/internal/database/database.go:772.18,774.133 2 0
Wave/internal/database/database.go:785.3,785.54 1 0
Wave/internal/database/database.go:774.133,783.4 1 0
